Build started 23/10/2014 13:53:14.
     1>Project "\\bournemouth.ac.uk\data\Student\Home\DEC\i7688655\Visual Studio 2012\Projects\OOPlab4\OOPlab2\OOPlab2\OOPlab2.vcxproj" on node 2 (Build target(s)).
     1>ClCompile:
         C:\Program Files (x86)\Microsoft Visual Studio 11.0\VC\bin\CL.exe /c /ZI /nologo /W3 /WX- /Od /Oy- /D _MBCS /Gm /EHsc /RTC1 /MDd /GS /fp:precise /Zc:wchar_t /Zc:forScope /Fo"Debug\\" /Fd"Debug\vc110.pdb" /Gd /TP /analyze- /errorReport:prompt TestsLAB4.cpp
         TestsLAB4.cpp
     1>\\bournemouth.ac.uk\data\student\home\dec\i7688655\visual studio 2012\projects\ooplab4\ooplab2\ooplab2\testslab4.cpp(69): error C2664: 'Child1::Child1(const Child1 &)' : cannot convert parameter 1 from 'int' to 'const Child1 &'
                 Reason: cannot convert from 'int' to 'const Child1'
                 No constructor could take the source type, or constructor overload resolution was ambiguous
     1>Done Building Project "\\bournemouth.ac.uk\data\Student\Home\DEC\i7688655\Visual Studio 2012\Projects\OOPlab4\OOPlab2\OOPlab2\OOPlab2.vcxproj" (Build target(s)) -- FAILED.

Build FAILED.

Time Elapsed 00:00:01.15
